# JRE version: Java(TM) SE Runtime Environment (8.0_51-b16) (build 1.8.0_51-b16)
# Java VM: Java HotSpot(TM) 64-Bit Server VM (25.51-b03 mixed mode bsd-amd64 compressed oops)
Heap:
 PSYoungGen      total 454144K, used 384000K [0x00000007a0000000, 0x00000007c0000000, 0x00000007c0000000)
  eden space 384000K, 100% used [0x00000007a0000000,0x00000007b7700000,0x00000007b7700000)
  from space 70144K, 0% used [0x00000007b7700000,0x00000007b7700000,0x00000007bbb80000)
  to   space 68096K, 11% used [0x00000007bbd80000,0x00000007bc540420,0x00000007c0000000)
 ParOldGen       total 212480K, used 109046K [0x0000000760000000, 0x000000076cf80000, 0x00000007a0000000)
  object space 212480K, 51% used [0x0000000760000000,0x0000000766a7d980,0x000000076cf80000)
 Metaspace       used 164077K, capacity 173832K, committed 173952K, reserved 1200128K
  class space    used 21189K, capacity 23139K, committed 23168K, reserved 1048576K
GC Heap History (10 events):
Event: 4842.383 GC heap after
Heap after GC invocations=37 (full 5):
 PSYoungGen      total 464384K, used 9360K [0x00000007a0000000, 0x00000007bfe00000, 0x00000007c0000000)
  eden space 408576K, 0% used [0x00000007a0000000,0x00000007a0000000,0x00000007b8f00000)
  from space 55808K, 16% used [0x00000007bc780000,0x00000007bd0a4010,0x00000007bfe00000)
  to   space 56832K, 0% used [0x00000007b8f00000,0x00000007b8f00000,0x00000007bc680000)
 ParOldGen       total 181248K, used 134418K [0x0000000760000000, 0x000000076b100000, 0x00000007a0000000)
  object space 181248K, 74% used [0x0000000760000000,0x00000007683449c0,0x000000076b100000)
 Metaspace       used 161689K, capacity 170858K, committed 171008K, reserved 1198080K
  class space    used 20872K, capacity 22702K, committed 22784K, reserved 1048576K
}
Event: 4849.730 GC heap before
{Heap before GC invocations=38 (full 5):
 PSYoungGen      total 464384K, used 417936K [0x00000007a0000000, 0x00000007bfe00000, 0x00000007c0000000)
  eden space 408576K, 100% used [0x00000007a0000000,0x00000007b8f00000,0x00000007b8f00000)
  from space 55808K, 16% used [0x00000007bc780000,0x00000007bd0a4010,0x00000007bfe00000)
  to   space 56832K, 0% used [0x00000007b8f00000,0x00000007b8f00000,0x00000007bc680000)
 ParOldGen       total 181248K, used 134418K [0x0000000760000000, 0x000000076b100000, 0x00000007a0000000)
  object space 181248K, 74% used [0x0000000760000000,0x00000007683449c0,0x000000076b100000)
 Metaspace       used 162453K, capacity 171722K, committed 171904K, reserved 1198080K
  class space    used 20927K, capacity 22792K, committed 22912K, reserved 1048576K
Event: 4850.211 GC heap after
Heap after GC invocations=38 (full 5):
 PSYoungGen      total 465408K, used 56809K [0x00000007a0000000, 0x00000007c0000000, 0x00000007c0000000)
  eden space 408576K, 0% used [0x00000007a0000000,0x00000007a0000000,0x00000007b8f00000)
  from space 56832K, 99% used [0x00000007b8f00000,0x00000007bc67a7e8,0x00000007bc680000)
  to   space 58880K, 0% used [0x00000007bc680000,0x00000007bc680000,0x00000007c0000000)
 ParOldGen       total 181248K, used 144542K [0x0000000760000000, 0x000000076b100000, 0x00000007a0000000)
  object space 181248K, 79% used [0x0000000760000000,0x0000000768d27ad8,0x000000076b100000)
 Metaspace       used 162453K, capacity 171722K, committed 171904K, reserved 1198080K
  class space    used 20927K, capacity 22792K, committed 22912K, reserved 1048576K
}
Event: 4864.433 GC heap before
{Heap before GC invocations=39 (full 5):
 PSYoungGen      total 465408K, used 465385K [0x00000007a0000000, 0x00000007c0000000, 0x00000007c0000000)
  eden space 408576K, 100% used [0x00000007a0000000,0x00000007b8f00000,0x00000007b8f00000)
  from space 56832K, 99% used [0x00000007b8f00000,0x00000007bc67a7e8,0x00000007bc680000)
  to   space 58880K, 0% used [0x00000007bc680000,0x00000007bc680000,0x00000007c0000000)
 ParOldGen       total 181248K, used 144542K [0x0000000760000000, 0x000000076b100000, 0x00000007a0000000)
  object space 181248K, 79% used [0x0000000760000000,0x0000000768d27ad8,0x000000076b100000)
 Metaspace       used 163079K, capacity 172540K, committed 172672K, reserved 1200128K
  class space    used 21022K, capacity 22907K, committed 22912K, reserved 1048576K
Event: 4864.733 GC heap after
Heap after GC invocations=39 (full 5):
 PSYoungGen      total 442880K, used 1284K [0x00000007a0000000, 0x00000007c0000000, 0x00000007c0000000)
  eden space 384000K, 0% used [0x00000007a0000000,0x00000007a0000000,0x00000007b7700000)
  from space 58880K, 2% used [0x00000007bc680000,0x00000007bc7c12c0,0x00000007c0000000)
  to   space 70144K, 0% used [0x00000007b7700000,0x00000007b7700000,0x00000007bbb80000)
 ParOldGen       total 181248K, used 155507K [0x0000000760000000, 0x000000076b100000, 0x00000007a0000000)
  object space 181248K, 85% used [0x0000000760000000,0x00000007697dcfb8,0x000000076b100000)
 Metaspace       used 163079K, capacity 172540K, committed 172672K, reserved 1200128K
  class space    used 21022K, capacity 22907K, committed 22912K, reserved 1048576K
}
Event: 4865.992 GC heap before
{Heap before GC invocations=40 (full 5):
 PSYoungGen      total 442880K, used 384899K [0x00000007a0000000, 0x00000007c0000000, 0x00000007c0000000)
  eden space 384000K, 99% used [0x00000007a0000000,0x00000007b769fd18,0x00000007b7700000)
  from space 58880K, 2% used [0x00000007bc680000,0x00000007bc7c12c0,0x00000007c0000000)
  to   space 70144K, 0% used [0x00000007b7700000,0x00000007b7700000,0x00000007bbb80000)
 ParOldGen       total 181248K, used 155507K [0x0000000760000000, 0x000000076b100000, 0x00000007a0000000)
  object space 181248K, 85% used [0x0000000760000000,0x00000007697dcfb8,0x000000076b100000)
 Metaspace       used 163598K, capacity 173124K, committed 173312K, reserved 1200128K
  class space    used 21103K, capacity 23005K, committed 23040K, reserved 1048576K
Event: 4866.010 GC heap after
Heap after GC invocations=40 (full 5):
 PSYoungGen      total 454144K, used 7374K [0x00000007a0000000, 0x00000007c0000000, 0x00000007c0000000)
  eden space 384000K, 0% used [0x00000007a0000000,0x00000007a0000000,0x00000007b7700000)
  from space 70144K, 10% used [0x00000007b7700000,0x00000007b7e33b48,0x00000007bbb80000)
  to   space 68096K, 0% used [0x00000007bbd80000,0x00000007bbd80000,0x00000007c0000000)
 ParOldGen       total 181248K, used 155973K [0x0000000760000000, 0x000000076b100000, 0x00000007a0000000)
  object space 181248K, 86% used [0x0000000760000000,0x00000007698514d8,0x000000076b100000)
 Metaspace       used 163598K, capacity 173124K, committed 173312K, reserved 1200128K
  class space    used 21103K, capacity 23005K, committed 23040K, reserved 1048576K
}
Event: 4866.011 GC heap before
{Heap before GC invocations=41 (full 6):
 PSYoungGen      total 454144K, used 7374K [0x00000007a0000000, 0x00000007c0000000, 0x00000007c0000000)
  eden space 384000K, 0% used [0x00000007a0000000,0x00000007a0000000,0x00000007b7700000)
  from space 70144K, 10% used [0x00000007b7700000,0x00000007b7e33b48,0x00000007bbb80000)
  to   space 68096K, 0% used [0x00000007bbd80000,0x00000007bbd80000,0x00000007c0000000)
 ParOldGen       total 181248K, used 155973K [0x0000000760000000, 0x000000076b100000, 0x00000007a0000000)
  object space 181248K, 86% used [0x0000000760000000,0x00000007698514d8,0x000000076b100000)
 Metaspace       used 163598K, capacity 173124K, committed 173312K, reserved 1200128K
  class space    used 21103K, capacity 23005K, committed 23040K, reserved 1048576K
Event: 4868.875 GC heap after
Heap after GC invocations=41 (full 6):
 PSYoungGen      total 454144K, used 0K [0x00000007a0000000, 0x00000007c0000000, 0x00000007c0000000)
  eden space 384000K, 0% used [0x00000007a0000000,0x00000007a0000000,0x00000007b7700000)
  from space 70144K, 0% used [0x00000007b7700000,0x00000007b7700000,0x00000007bbb80000)
  to   space 68096K, 0% used [0x00000007bbd80000,0x00000007bbd80000,0x00000007c0000000)
 ParOldGen       total 212480K, used 109046K [0x0000000760000000, 0x000000076cf80000, 0x00000007a0000000)
  object space 212480K, 51% used [0x0000000760000000,0x0000000766a7d980,0x000000076cf80000)
 Metaspace       used 162365K, capacity 171504K, committed 173312K, reserved 1200128K
  class space    used 20941K, capacity 22805K, committed 23040K, reserved 1048576K
}
Event: 5114.509 GC heap before
{Heap before GC invocations=42 (full 6):
 PSYoungGen      total 454144K, used 384000K [0x00000007a0000000, 0x00000007c0000000, 0x00000007c0000000)
  eden space 384000K, 100% used [0x00000007a0000000,0x00000007b7700000,0x00000007b7700000)
  from space 70144K, 0% used [0x00000007b7700000,0x00000007b7700000,0x00000007bbb80000)
  to   space 68096K, 0% used [0x00000007bbd80000,0x00000007bbd80000,0x00000007c0000000)
 ParOldGen       total 212480K, used 109046K [0x0000000760000000, 0x000000076cf80000, 0x00000007a0000000)
  object space 212480K, 51% used [0x0000000760000000,0x0000000766a7d980,0x000000076cf80000)
 Metaspace       used 164077K, capacity 173832K, committed 173952K, reserved 1200128K
  class space    used 21189K, capacity 23139K, committed 23168K, reserved 1048576K

